<?xml version="1.0" encoding="UTF-8"?>
<testsuite name="me.liyury.springbootdeveloper.controller.BlogApiControllerTest" tests="5" skipped="0" failures="0" errors="0" timestamp="2024-10-19T02:05:41" hostname="TSYREN" time="1.807">
  <properties/>
  <testcase name="deleteArticle: 아티클 삭제에 성공한다." classname="me.liyury.springbootdeveloper.controller.BlogApiControllerTest" time="0.93"/>
  <testcase name="findArticle: 아티클 단건 조회에 성공한다." classname="me.liyury.springbootdeveloper.controller.BlogApiControllerTest" time="0.103"/>
  <testcase name="findAllArticles: 아티클 목록 조회에 성공한다." classname="me.liyury.springbootdeveloper.controller.BlogApiControllerTest" time="0.029"/>
  <testcase name="addArticle: 아티클 추가에 성공한다." classname="me.liyury.springbootdeveloper.controller.BlogApiControllerTest" time="0.624"/>
  <testcase name="updateArticle: 아티클 수정에 성공한다." classname="me.liyury.springbootdeveloper.controller.BlogApiControllerTest" time="0.113"/>
  <system-out><![CDATA[2024-10-19T11:05:40.349+09:00  INFO 4616 --- [    Test worker] t.c.s.AnnotationConfigContextLoaderUtils : Could not detect default configuration classes for test class [me.liyury.springbootdeveloper.controller.BlogApiControllerTest]: BlogApiControllerTest does not declare any static, non-private, non-final, nested classes annotated with @Configuration.
2024-10-19T11:05:40.378+09:00  INFO 4616 --- [    Test worker] .b.t.c.SpringBootTestContextBootstrapper : Found @SpringBootConfiguration me.liyury.springbootdeveloper.SpringBootDeveloperApplication for test class me.liyury.springbootdeveloper.controller.BlogApiControllerTest

  .   ____          _            __ _ _
 /\\ / ___'_ __ _ _(_)_ __  __ _ \ \ \ \
( ( )\___ | '_ | '_| | '_ \/ _` | \ \ \ \
 \\/  ___)| |_)| | | | | || (_| |  ) ) ) )
  '  |____| .__|_| |_|_| |_\__, | / / / /
 =========|_|==============|___/=/_/_/_/
 :: Spring Boot ::                (v3.2.0)

2024-10-19T11:05:40.424+09:00  INFO 4616 --- [    Test worker] m.l.s.controller.BlogApiControllerTest   : Starting BlogApiControllerTest using Java 17.0.10 with PID 4616 (started by Xizel in C:\Users\Xizel\OneDrive\Рабочий стол\Projects\Java\springboot-developer)
2024-10-19T11:05:40.424+09:00  INFO 4616 --- [    Test worker] m.l.s.controller.BlogApiControllerTest   : No active profile set, falling back to 1 default profile: "default"
2024-10-19T11:05:40.684+09:00  INFO 4616 --- [    Test worker] .s.d.r.c.RepositoryConfigurationDelegate : Bootstrapping Spring Data JPA repositories in DEFAULT mode.
2024-10-19T11:05:40.702+09:00  INFO 4616 --- [    Test worker] .s.d.r.c.RepositoryConfigurationDelegate : Finished Spring Data repository scanning in 18 ms. Found 3 JPA repository interfaces.
2024-10-19T11:05:40.831+09:00  INFO 4616 --- [    Test worker] com.zaxxer.hikari.HikariDataSource       : HikariPool-2 - Starting...
2024-10-19T11:05:40.837+09:00  INFO 4616 --- [    Test worker] com.zaxxer.hikari.pool.HikariPool        : HikariPool-2 - Added connection conn10: url=jdbc:h2:mem:c9bea6c9-ee60-4828-9b2f-0576c69adf6f user=SA
2024-10-19T11:05:40.837+09:00  INFO 4616 --- [    Test worker] com.zaxxer.hikari.HikariDataSource       : HikariPool-2 - Start completed.
2024-10-19T11:05:40.837+09:00  INFO 4616 --- [    Test worker] o.hibernate.jpa.internal.util.LogHelper  : HHH000204: Processing PersistenceUnitInfo [name: default]
2024-10-19T11:05:40.843+09:00  INFO 4616 --- [    Test worker] o.h.c.internal.RegionFactoryInitiator    : HHH000026: Second-level cache disabled
2024-10-19T11:05:40.852+09:00  INFO 4616 --- [    Test worker] o.s.o.j.p.SpringPersistenceUnitInfo      : No LoadTimeWeaver setup: ignoring JPA class transformer
2024-10-19T11:05:40.953+09:00  INFO 4616 --- [    Test worker] o.h.e.t.j.p.i.JtaPlatformInitiator       : HHH000489: No JTA platform available (set 'hibernate.transaction.jta.platform' to enable JTA platform integration)
Hibernate: 
    drop table if exists article cascade 
Hibernate: 
    drop table if exists refresh_token cascade 
Hibernate: 
    drop table if exists users cascade 
Hibernate: 
    create table article (
        created_at timestamp(6),
        id bigint generated by default as identity,
        updated_at timestamp(6),
        author varchar(255) not null,
        content varchar(255) not null,
        title varchar(255) not null,
        primary key (id)
    )
Hibernate: 
    create table refresh_token (
        id bigint generated by default as identity,
        user_id bigint not null unique,
        refresh_token varchar(255) not null,
        primary key (id)
    )
Hibernate: 
    create table users (
        id bigint generated by default as identity,
        email varchar(255) not null unique,
        nickname varchar(255) unique,
        password varchar(255),
        primary key (id)
    )
2024-10-19T11:05:40.961+09:00  INFO 4616 --- [    Test worker] j.LocalContainerEntityManagerFactoryBean : Initialized JPA EntityManagerFactory for persistence unit 'default'
2024-10-19T11:05:41.124+09:00  WARN 4616 --- [    Test worker] JpaBaseConfiguration$JpaWebConfiguration : spring.jpa.open-in-view is enabled by default. Therefore, database queries may be performed during view rendering. Explicitly configure spring.jpa.open-in-view to disable this warning
2024-10-19T11:05:41.276+09:00  INFO 4616 --- [    Test worker] o.s.s.web.DefaultSecurityFilterChain     : Will secure any request with [org.springframework.security.web.session.DisableEncodeUrlFilter@63793f16, org.springframework.security.web.context.request.async.WebAsyncManagerIntegrationFilter@7f03e5f4, org.springframework.security.web.context.SecurityContextHolderFilter@5c190662, org.springframework.security.web.header.HeaderWriterFilter@4044f07b, org.springframework.web.filter.CorsFilter@6725f9e0, org.springframework.security.oauth2.client.web.OAuth2AuthorizationRequestRedirectFilter@2227c82d, org.springframework.security.oauth2.client.web.OAuth2LoginAuthenticationFilter@75be6796, me.liyury.springbootdeveloper.config.TokenAuthenticationFilter@1a120e41, org.springframework.security.web.savedrequest.RequestCacheAwareFilter@5d6de24e, org.springframework.security.web.servletapi.SecurityContextHolderAwareRequestFilter@3acd06b0, org.springframework.security.web.authentication.AnonymousAuthenticationFilter@6121b045, org.springframework.security.web.session.SessionManagementFilter@5f8c319, org.springframework.security.web.access.ExceptionTranslationFilter@20e43235, org.springframework.security.web.access.intercept.FilterSecurityInterceptor@52688730]
2024-10-19T11:05:41.364+09:00  INFO 4616 --- [    Test worker] o.s.b.a.h2.H2ConsoleAutoConfiguration    : H2 console available at '/h2-console'. Database available at 'jdbc:h2:mem:c9bea6c9-ee60-4828-9b2f-0576c69adf6f'
2024-10-19T11:05:41.388+09:00  WARN 4616 --- [    Test worker] o.s.s.c.a.web.builders.WebSecurity       : You are asking Spring Security to ignore org.springframework.boot.autoconfigure.security.servlet.PathRequest$H2ConsoleRequestMatcher@43aa9ccd. This is not recommended -- please use permitAll via HttpSecurity#authorizeHttpRequests instead.
2024-10-19T11:05:41.388+09:00  INFO 4616 --- [    Test worker] o.s.s.web.DefaultSecurityFilterChain     : Will not secure org.springframework.boot.autoconfigure.security.servlet.PathRequest$H2ConsoleRequestMatcher@43aa9ccd
2024-10-19T11:05:41.388+09:00  WARN 4616 --- [    Test worker] o.s.s.c.a.web.builders.WebSecurity       : You are asking Spring Security to ignore Ant [pattern='/img/**']. This is not recommended -- please use permitAll via HttpSecurity#authorizeHttpRequests instead.
2024-10-19T11:05:41.388+09:00  INFO 4616 --- [    Test worker] o.s.s.web.DefaultSecurityFilterChain     : Will not secure Ant [pattern='/img/**']
2024-10-19T11:05:41.391+09:00  WARN 4616 --- [    Test worker] o.s.s.c.a.web.builders.WebSecurity       : You are asking Spring Security to ignore Ant [pattern='/css/**']. This is not recommended -- please use permitAll via HttpSecurity#authorizeHttpRequests instead.
2024-10-19T11:05:41.391+09:00  INFO 4616 --- [    Test worker] o.s.s.web.DefaultSecurityFilterChain     : Will not secure Ant [pattern='/css/**']
2024-10-19T11:05:41.391+09:00  WARN 4616 --- [    Test worker] o.s.s.c.a.web.builders.WebSecurity       : You are asking Spring Security to ignore Ant [pattern='/js/**']. This is not recommended -- please use permitAll via HttpSecurity#authorizeHttpRequests instead.
2024-10-19T11:05:41.391+09:00  INFO 4616 --- [    Test worker] o.s.s.web.DefaultSecurityFilterChain     : Will not secure Ant [pattern='/js/**']
2024-10-19T11:05:41.547+09:00  INFO 4616 --- [    Test worker] o.s.b.t.m.w.SpringBootMockServletContext : Initializing Spring TestDispatcherServlet ''
2024-10-19T11:05:41.547+09:00  INFO 4616 --- [    Test worker] o.s.t.web.servlet.TestDispatcherServlet  : Initializing Servlet ''
2024-10-19T11:05:41.547+09:00  INFO 4616 --- [    Test worker] o.s.t.web.servlet.TestDispatcherServlet  : Completed initialization in 0 ms
2024-10-19T11:05:41.559+09:00  INFO 4616 --- [    Test worker] m.l.s.controller.BlogApiControllerTest   : Started BlogApiControllerTest in 1.172 seconds (process running for 12.663)
2024-10-19T11:05:41.571+09:00  INFO 4616 --- [    Test worker] o.s.b.t.m.w.SpringBootMockServletContext : Initializing Spring TestDispatcherServlet ''
2024-10-19T11:05:41.571+09:00  INFO 4616 --- [    Test worker] o.s.t.web.servlet.TestDispatcherServlet  : Initializing Servlet ''
2024-10-19T11:05:41.571+09:00  INFO 4616 --- [    Test worker] o.s.t.web.servlet.TestDispatcherServlet  : Completed initialization in 0 ms
Hibernate: 
    select
        a1_0.id,
        a1_0.author,
        a1_0.content,
        a1_0.created_at,
        a1_0.title,
        a1_0.updated_at 
    from
        article a1_0
Hibernate: 
    delete 
    from
        article 
    where
        id=?
Hibernate: 
    delete 
    from
        article 
    where
        id=?
Hibernate: 
    delete 
    from
        article 
    where
        id=?
Hibernate: 
    select
        u1_0.id,
        u1_0.email,
        u1_0.nickname,
        u1_0.password 
    from
        users u1_0
Hibernate: 
    insert 
    into
        users
        (email, nickname, password, id) 
    values
        (?, ?, ?, default)
Hibernate: 
    insert 
    into
        article
        (author, content, created_at, title, updated_at, id) 
    values
        (?, ?, ?, ?, ?, default)
Hibernate: 
    select
        a1_0.id,
        a1_0.author,
        a1_0.content,
        a1_0.created_at,
        a1_0.title,
        a1_0.updated_at 
    from
        article a1_0 
    where
        a1_0.id=?
Hibernate: 
    delete 
    from
        article 
    where
        id=?
Hibernate: 
    select
        a1_0.id,
        a1_0.author,
        a1_0.content,
        a1_0.created_at,
        a1_0.title,
        a1_0.updated_at 
    from
        article a1_0
2024-10-19T11:05:42.495+09:00  INFO 4616 --- [    Test worker] o.s.b.t.m.w.SpringBootMockServletContext : Initializing Spring TestDispatcherServlet ''
2024-10-19T11:05:42.495+09:00  INFO 4616 --- [    Test worker] o.s.t.web.servlet.TestDispatcherServlet  : Initializing Servlet ''
2024-10-19T11:05:42.495+09:00  INFO 4616 --- [    Test worker] o.s.t.web.servlet.TestDispatcherServlet  : Completed initialization in 0 ms
Hibernate: 
    select
        a1_0.id,
        a1_0.author,
        a1_0.content,
        a1_0.created_at,
        a1_0.title,
        a1_0.updated_at 
    from
        article a1_0
Hibernate: 
    select
        u1_0.id,
        u1_0.email,
        u1_0.nickname,
        u1_0.password 
    from
        users u1_0
Hibernate: 
    delete 
    from
        users 
    where
        id=?
Hibernate: 
    insert 
    into
        users
        (email, nickname, password, id) 
    values
        (?, ?, ?, default)
Hibernate: 
    insert 
    into
        article
        (author, content, created_at, title, updated_at, id) 
    values
        (?, ?, ?, ?, ?, default)
Hibernate: 
    select
        a1_0.id,
        a1_0.author,
        a1_0.content,
        a1_0.created_at,
        a1_0.title,
        a1_0.updated_at 
    from
        article a1_0 
    where
        a1_0.id=?
2024-10-19T11:05:42.599+09:00  INFO 4616 --- [    Test worker] o.s.b.t.m.w.SpringBootMockServletContext : Initializing Spring TestDispatcherServlet ''
2024-10-19T11:05:42.599+09:00  INFO 4616 --- [    Test worker] o.s.t.web.servlet.TestDispatcherServlet  : Initializing Servlet ''
2024-10-19T11:05:42.601+09:00  INFO 4616 --- [    Test worker] o.s.t.web.servlet.TestDispatcherServlet  : Completed initialization in 1 ms
Hibernate: 
    select
        a1_0.id,
        a1_0.author,
        a1_0.content,
        a1_0.created_at,
        a1_0.title,
        a1_0.updated_at 
    from
        article a1_0
Hibernate: 
    delete 
    from
        article 
    where
        id=?
Hibernate: 
    select
        u1_0.id,
        u1_0.email,
        u1_0.nickname,
        u1_0.password 
    from
        users u1_0
Hibernate: 
    delete 
    from
        users 
    where
        id=?
Hibernate: 
    insert 
    into
        users
        (email, nickname, password, id) 
    values
        (?, ?, ?, default)
Hibernate: 
    insert 
    into
        article
        (author, content, created_at, title, updated_at, id) 
    values
        (?, ?, ?, ?, ?, default)
Hibernate: 
    select
        a1_0.id,
        a1_0.author,
        a1_0.content,
        a1_0.created_at,
        a1_0.title,
        a1_0.updated_at 
    from
        article a1_0
2024-10-19T11:05:42.630+09:00  INFO 4616 --- [    Test worker] o.s.b.t.m.w.SpringBootMockServletContext : Initializing Spring TestDispatcherServlet ''
2024-10-19T11:05:42.632+09:00  INFO 4616 --- [    Test worker] o.s.t.web.servlet.TestDispatcherServlet  : Initializing Servlet ''
2024-10-19T11:05:42.632+09:00  INFO 4616 --- [    Test worker] o.s.t.web.servlet.TestDispatcherServlet  : Completed initialization in 0 ms
Hibernate: 
    select
        a1_0.id,
        a1_0.author,
        a1_0.content,
        a1_0.created_at,
        a1_0.title,
        a1_0.updated_at 
    from
        article a1_0
Hibernate: 
    delete 
    from
        article 
    where
        id=?
Hibernate: 
    select
        u1_0.id,
        u1_0.email,
        u1_0.nickname,
        u1_0.password 
    from
        users u1_0
Hibernate: 
    delete 
    from
        users 
    where
        id=?
Hibernate: 
    insert 
    into
        users
        (email, nickname, password, id) 
    values
        (?, ?, ?, default)
Hibernate: 
    insert 
    into
        article
        (author, content, created_at, title, updated_at, id) 
    values
        (?, ?, ?, ?, ?, default)
Hibernate: 
    select
        a1_0.id,
        a1_0.author,
        a1_0.content,
        a1_0.created_at,
        a1_0.title,
        a1_0.updated_at 
    from
        article a1_0
2024-10-19T11:05:43.261+09:00  INFO 4616 --- [    Test worker] o.s.b.t.m.w.SpringBootMockServletContext : Initializing Spring TestDispatcherServlet ''
2024-10-19T11:05:43.261+09:00  INFO 4616 --- [    Test worker] o.s.t.web.servlet.TestDispatcherServlet  : Initializing Servlet ''
2024-10-19T11:05:43.264+09:00  INFO 4616 --- [    Test worker] o.s.t.web.servlet.TestDispatcherServlet  : Completed initialization in 3 ms
Hibernate: 
    select
        a1_0.id,
        a1_0.author,
        a1_0.content,
        a1_0.created_at,
        a1_0.title,
        a1_0.updated_at 
    from
        article a1_0
Hibernate: 
    delete 
    from
        article 
    where
        id=?
Hibernate: 
    select
        u1_0.id,
        u1_0.email,
        u1_0.nickname,
        u1_0.password 
    from
        users u1_0
Hibernate: 
    delete 
    from
        users 
    where
        id=?
Hibernate: 
    insert 
    into
        users
        (email, nickname, password, id) 
    values
        (?, ?, ?, default)
Hibernate: 
    insert 
    into
        article
        (author, content, created_at, title, updated_at, id) 
    values
        (?, ?, ?, ?, ?, default)
Hibernate: 
    select
        a1_0.id,
        a1_0.author,
        a1_0.content,
        a1_0.created_at,
        a1_0.title,
        a1_0.updated_at 
    from
        article a1_0 
    where
        a1_0.id=?
Hibernate: 
    update
        article 
    set
        author=?,
        content=?,
        created_at=?,
        title=?,
        updated_at=? 
    where
        id=?
Hibernate: 
    select
        a1_0.id,
        a1_0.author,
        a1_0.content,
        a1_0.created_at,
        a1_0.title,
        a1_0.updated_at 
    from
        article a1_0 
    where
        a1_0.id=?
]]></system-out>
  <system-err><![CDATA[]]></system-err>
</testsuite>
