<?xml version="1.0" encoding="UTF-8"?>
<testsuite name="me.liyury.springbootdeveloper.controller.BlogApiControllerTest" tests="5" skipped="0" failures="0" errors="0" timestamp="2024-10-19T10:36:05" hostname="TSYREN" time="1.528">
  <properties/>
  <testcase name="deleteArticle: 아티클 삭제에 성공한다." classname="me.liyury.springbootdeveloper.controller.BlogApiControllerTest" time="0.619"/>
  <testcase name="findArticle: 아티클 단건 조회에 성공한다." classname="me.liyury.springbootdeveloper.controller.BlogApiControllerTest" time="0.119"/>
  <testcase name="findAllArticles: 아티클 목록 조회에 성공한다." classname="me.liyury.springbootdeveloper.controller.BlogApiControllerTest" time="0.032"/>
  <testcase name="addArticle: 아티클 추가에 성공한다." classname="me.liyury.springbootdeveloper.controller.BlogApiControllerTest" time="0.629"/>
  <testcase name="updateArticle: 아티클 수정에 성공한다." classname="me.liyury.springbootdeveloper.controller.BlogApiControllerTest" time="0.119"/>
  <system-out><![CDATA[2024-10-19T19:36:04.198+09:00  INFO 19652 --- [    Test worker] t.c.s.AnnotationConfigContextLoaderUtils : Could not detect default configuration classes for test class [me.liyury.springbootdeveloper.controller.BlogApiControllerTest]: BlogApiControllerTest does not declare any static, non-private, non-final, nested classes annotated with @Configuration.
2024-10-19T19:36:04.221+09:00  INFO 19652 --- [    Test worker] .b.t.c.SpringBootTestContextBootstrapper : Found @SpringBootConfiguration me.liyury.springbootdeveloper.SpringBootDeveloperApplication for test class me.liyury.springbootdeveloper.controller.BlogApiControllerTest

  .   ____          _            __ _ _
 /\\ / ___'_ __ _ _(_)_ __  __ _ \ \ \ \
( ( )\___ | '_ | '_| | '_ \/ _` | \ \ \ \
 \\/  ___)| |_)| | | | | || (_| |  ) ) ) )
  '  |____| .__|_| |_|_| |_\__, | / / / /
 =========|_|==============|___/=/_/_/_/
 :: Spring Boot ::                (v3.2.0)

2024-10-19T19:36:04.259+09:00  INFO 19652 --- [    Test worker] m.l.s.controller.BlogApiControllerTest   : Starting BlogApiControllerTest using Java 17.0.10 with PID 19652 (started by Xizel in C:\Users\Xizel\OneDrive\Рабочий стол\Projects\Java\springboot-developer)
2024-10-19T19:36:04.259+09:00  INFO 19652 --- [    Test worker] m.l.s.controller.BlogApiControllerTest   : No active profile set, falling back to 1 default profile: "default"
2024-10-19T19:36:04.494+09:00  INFO 19652 --- [    Test worker] .s.d.r.c.RepositoryConfigurationDelegate : Bootstrapping Spring Data JPA repositories in DEFAULT mode.
2024-10-19T19:36:04.515+09:00  INFO 19652 --- [    Test worker] .s.d.r.c.RepositoryConfigurationDelegate : Finished Spring Data repository scanning in 21 ms. Found 3 JPA repository interfaces.
2024-10-19T19:36:04.672+09:00  INFO 19652 --- [    Test worker] com.zaxxer.hikari.HikariDataSource       : HikariPool-2 - Starting...
2024-10-19T19:36:04.676+09:00  INFO 19652 --- [    Test worker] com.zaxxer.hikari.pool.HikariPool        : HikariPool-2 - Added connection conn10: url=jdbc:h2:mem:eb6ce776-393f-4b28-91af-6214f2134ec6 user=SA
2024-10-19T19:36:04.677+09:00  INFO 19652 --- [    Test worker] com.zaxxer.hikari.HikariDataSource       : HikariPool-2 - Start completed.
2024-10-19T19:36:04.679+09:00  INFO 19652 --- [    Test worker] o.hibernate.jpa.internal.util.LogHelper  : HHH000204: Processing PersistenceUnitInfo [name: default]
2024-10-19T19:36:04.683+09:00  INFO 19652 --- [    Test worker] o.h.c.internal.RegionFactoryInitiator    : HHH000026: Second-level cache disabled
2024-10-19T19:36:04.689+09:00  INFO 19652 --- [    Test worker] o.s.o.j.p.SpringPersistenceUnitInfo      : No LoadTimeWeaver setup: ignoring JPA class transformer
2024-10-19T19:36:04.789+09:00  INFO 19652 --- [    Test worker] o.h.e.t.j.p.i.JtaPlatformInitiator       : HHH000489: No JTA platform available (set 'hibernate.transaction.jta.platform' to enable JTA platform integration)
Hibernate: 
    drop table if exists article cascade 
Hibernate: 
    drop table if exists refresh_token cascade 
Hibernate: 
    drop table if exists users cascade 
Hibernate: 
    create table article (
        created_at timestamp(6),
        id bigint generated by default as identity,
        updated_at timestamp(6),
        author varchar(255) not null,
        content varchar(255) not null,
        title varchar(255) not null,
        primary key (id)
    )
Hibernate: 
    create table refresh_token (
        id bigint generated by default as identity,
        user_id bigint not null unique,
        refresh_token varchar(255) not null,
        primary key (id)
    )
Hibernate: 
    create table users (
        id bigint generated by default as identity,
        email varchar(255) not null unique,
        nickname varchar(255) unique,
        password varchar(255),
        primary key (id)
    )
2024-10-19T19:36:04.798+09:00  INFO 19652 --- [    Test worker] j.LocalContainerEntityManagerFactoryBean : Initialized JPA EntityManagerFactory for persistence unit 'default'
2024-10-19T19:36:04.967+09:00  WARN 19652 --- [    Test worker] JpaBaseConfiguration$JpaWebConfiguration : spring.jpa.open-in-view is enabled by default. Therefore, database queries may be performed during view rendering. Explicitly configure spring.jpa.open-in-view to disable this warning
2024-10-19T19:36:05.099+09:00  INFO 19652 --- [    Test worker] o.s.s.web.DefaultSecurityFilterChain     : Will secure any request with [org.springframework.security.web.session.DisableEncodeUrlFilter@216a3aba, org.springframework.security.web.context.request.async.WebAsyncManagerIntegrationFilter@9760f17, org.springframework.security.web.context.SecurityContextHolderFilter@5ce50c82, org.springframework.security.web.header.HeaderWriterFilter@6eec092, org.springframework.web.filter.CorsFilter@13cfa1ec, org.springframework.security.oauth2.client.web.OAuth2AuthorizationRequestRedirectFilter@495c3d15, org.springframework.security.oauth2.client.web.OAuth2LoginAuthenticationFilter@6ab56a77, me.liyury.springbootdeveloper.config.TokenAuthenticationFilter@22fb3dde, org.springframework.security.web.savedrequest.RequestCacheAwareFilter@75f2a654, org.springframework.security.web.servletapi.SecurityContextHolderAwareRequestFilter@5680228, org.springframework.security.web.authentication.AnonymousAuthenticationFilter@52688730, org.springframework.security.web.session.SessionManagementFilter@7d9587b3, org.springframework.security.web.access.ExceptionTranslationFilter@c04b755, org.springframework.security.web.access.intercept.FilterSecurityInterceptor@3ddec942]
2024-10-19T19:36:05.191+09:00  INFO 19652 --- [    Test worker] o.s.b.a.h2.H2ConsoleAutoConfiguration    : H2 console available at '/h2-console'. Database available at 'jdbc:h2:mem:eb6ce776-393f-4b28-91af-6214f2134ec6'
2024-10-19T19:36:05.215+09:00  WARN 19652 --- [    Test worker] o.s.s.c.a.web.builders.WebSecurity       : You are asking Spring Security to ignore org.springframework.boot.autoconfigure.security.servlet.PathRequest$H2ConsoleRequestMatcher@aad1270. This is not recommended -- please use permitAll via HttpSecurity#authorizeHttpRequests instead.
2024-10-19T19:36:05.216+09:00  INFO 19652 --- [    Test worker] o.s.s.web.DefaultSecurityFilterChain     : Will not secure org.springframework.boot.autoconfigure.security.servlet.PathRequest$H2ConsoleRequestMatcher@aad1270
2024-10-19T19:36:05.216+09:00  WARN 19652 --- [    Test worker] o.s.s.c.a.web.builders.WebSecurity       : You are asking Spring Security to ignore Ant [pattern='/img/**']. This is not recommended -- please use permitAll via HttpSecurity#authorizeHttpRequests instead.
2024-10-19T19:36:05.216+09:00  INFO 19652 --- [    Test worker] o.s.s.web.DefaultSecurityFilterChain     : Will not secure Ant [pattern='/img/**']
2024-10-19T19:36:05.216+09:00  WARN 19652 --- [    Test worker] o.s.s.c.a.web.builders.WebSecurity       : You are asking Spring Security to ignore Ant [pattern='/css/**']. This is not recommended -- please use permitAll via HttpSecurity#authorizeHttpRequests instead.
2024-10-19T19:36:05.216+09:00  INFO 19652 --- [    Test worker] o.s.s.web.DefaultSecurityFilterChain     : Will not secure Ant [pattern='/css/**']
2024-10-19T19:36:05.216+09:00  WARN 19652 --- [    Test worker] o.s.s.c.a.web.builders.WebSecurity       : You are asking Spring Security to ignore Ant [pattern='/js/**']. This is not recommended -- please use permitAll via HttpSecurity#authorizeHttpRequests instead.
2024-10-19T19:36:05.216+09:00  INFO 19652 --- [    Test worker] o.s.s.web.DefaultSecurityFilterChain     : Will not secure Ant [pattern='/js/**']
2024-10-19T19:36:05.378+09:00  INFO 19652 --- [    Test worker] o.s.b.t.m.w.SpringBootMockServletContext : Initializing Spring TestDispatcherServlet ''
2024-10-19T19:36:05.379+09:00  INFO 19652 --- [    Test worker] o.s.t.web.servlet.TestDispatcherServlet  : Initializing Servlet ''
2024-10-19T19:36:05.380+09:00  INFO 19652 --- [    Test worker] o.s.t.web.servlet.TestDispatcherServlet  : Completed initialization in 1 ms
2024-10-19T19:36:05.393+09:00  INFO 19652 --- [    Test worker] m.l.s.controller.BlogApiControllerTest   : Started BlogApiControllerTest in 1.166 seconds (process running for 12.367)
2024-10-19T19:36:05.403+09:00  INFO 19652 --- [    Test worker] o.s.b.t.m.w.SpringBootMockServletContext : Initializing Spring TestDispatcherServlet ''
2024-10-19T19:36:05.404+09:00  INFO 19652 --- [    Test worker] o.s.t.web.servlet.TestDispatcherServlet  : Initializing Servlet ''
2024-10-19T19:36:05.405+09:00  INFO 19652 --- [    Test worker] o.s.t.web.servlet.TestDispatcherServlet  : Completed initialization in 1 ms
Hibernate: 
    select
        a1_0.id,
        a1_0.author,
        a1_0.content,
        a1_0.created_at,
        a1_0.title,
        a1_0.updated_at 
    from
        article a1_0
Hibernate: 
    delete 
    from
        article 
    where
        id=?
Hibernate: 
    delete 
    from
        article 
    where
        id=?
Hibernate: 
    delete 
    from
        article 
    where
        id=?
Hibernate: 
    select
        u1_0.id,
        u1_0.email,
        u1_0.nickname,
        u1_0.password 
    from
        users u1_0
Hibernate: 
    insert 
    into
        users
        (email, nickname, password, id) 
    values
        (?, ?, ?, default)
Hibernate: 
    insert 
    into
        article
        (author, content, created_at, title, updated_at, id) 
    values
        (?, ?, ?, ?, ?, default)
Hibernate: 
    select
        a1_0.id,
        a1_0.author,
        a1_0.content,
        a1_0.created_at,
        a1_0.title,
        a1_0.updated_at 
    from
        article a1_0 
    where
        a1_0.id=?
Hibernate: 
    delete 
    from
        article 
    where
        id=?
Hibernate: 
    select
        a1_0.id,
        a1_0.author,
        a1_0.content,
        a1_0.created_at,
        a1_0.title,
        a1_0.updated_at 
    from
        article a1_0
2024-10-19T19:36:06.019+09:00  INFO 19652 --- [    Test worker] o.s.b.t.m.w.SpringBootMockServletContext : Initializing Spring TestDispatcherServlet ''
2024-10-19T19:36:06.019+09:00  INFO 19652 --- [    Test worker] o.s.t.web.servlet.TestDispatcherServlet  : Initializing Servlet ''
2024-10-19T19:36:06.020+09:00  INFO 19652 --- [    Test worker] o.s.t.web.servlet.TestDispatcherServlet  : Completed initialization in 1 ms
Hibernate: 
    select
        a1_0.id,
        a1_0.author,
        a1_0.content,
        a1_0.created_at,
        a1_0.title,
        a1_0.updated_at 
    from
        article a1_0
Hibernate: 
    select
        u1_0.id,
        u1_0.email,
        u1_0.nickname,
        u1_0.password 
    from
        users u1_0
Hibernate: 
    delete 
    from
        users 
    where
        id=?
Hibernate: 
    insert 
    into
        users
        (email, nickname, password, id) 
    values
        (?, ?, ?, default)
Hibernate: 
    insert 
    into
        article
        (author, content, created_at, title, updated_at, id) 
    values
        (?, ?, ?, ?, ?, default)
Hibernate: 
    select
        a1_0.id,
        a1_0.author,
        a1_0.content,
        a1_0.created_at,
        a1_0.title,
        a1_0.updated_at 
    from
        article a1_0 
    where
        a1_0.id=?
2024-10-19T19:36:06.141+09:00  INFO 19652 --- [    Test worker] o.s.b.t.m.w.SpringBootMockServletContext : Initializing Spring TestDispatcherServlet ''
2024-10-19T19:36:06.142+09:00  INFO 19652 --- [    Test worker] o.s.t.web.servlet.TestDispatcherServlet  : Initializing Servlet ''
2024-10-19T19:36:06.142+09:00  INFO 19652 --- [    Test worker] o.s.t.web.servlet.TestDispatcherServlet  : Completed initialization in 0 ms
Hibernate: 
    select
        a1_0.id,
        a1_0.author,
        a1_0.content,
        a1_0.created_at,
        a1_0.title,
        a1_0.updated_at 
    from
        article a1_0
Hibernate: 
    delete 
    from
        article 
    where
        id=?
Hibernate: 
    select
        u1_0.id,
        u1_0.email,
        u1_0.nickname,
        u1_0.password 
    from
        users u1_0
Hibernate: 
    delete 
    from
        users 
    where
        id=?
Hibernate: 
    insert 
    into
        users
        (email, nickname, password, id) 
    values
        (?, ?, ?, default)
Hibernate: 
    insert 
    into
        article
        (author, content, created_at, title, updated_at, id) 
    values
        (?, ?, ?, ?, ?, default)
Hibernate: 
    select
        a1_0.id,
        a1_0.author,
        a1_0.content,
        a1_0.created_at,
        a1_0.title,
        a1_0.updated_at 
    from
        article a1_0
2024-10-19T19:36:06.173+09:00  INFO 19652 --- [    Test worker] o.s.b.t.m.w.SpringBootMockServletContext : Initializing Spring TestDispatcherServlet ''
2024-10-19T19:36:06.173+09:00  INFO 19652 --- [    Test worker] o.s.t.web.servlet.TestDispatcherServlet  : Initializing Servlet ''
2024-10-19T19:36:06.174+09:00  INFO 19652 --- [    Test worker] o.s.t.web.servlet.TestDispatcherServlet  : Completed initialization in 1 ms
Hibernate: 
    select
        a1_0.id,
        a1_0.author,
        a1_0.content,
        a1_0.created_at,
        a1_0.title,
        a1_0.updated_at 
    from
        article a1_0
Hibernate: 
    delete 
    from
        article 
    where
        id=?
Hibernate: 
    select
        u1_0.id,
        u1_0.email,
        u1_0.nickname,
        u1_0.password 
    from
        users u1_0
Hibernate: 
    delete 
    from
        users 
    where
        id=?
Hibernate: 
    insert 
    into
        users
        (email, nickname, password, id) 
    values
        (?, ?, ?, default)
Hibernate: 
    insert 
    into
        article
        (author, content, created_at, title, updated_at, id) 
    values
        (?, ?, ?, ?, ?, default)
Hibernate: 
    select
        a1_0.id,
        a1_0.author,
        a1_0.content,
        a1_0.created_at,
        a1_0.title,
        a1_0.updated_at 
    from
        article a1_0
2024-10-19T19:36:06.812+09:00  INFO 19652 --- [    Test worker] o.s.b.t.m.w.SpringBootMockServletContext : Initializing Spring TestDispatcherServlet ''
2024-10-19T19:36:06.813+09:00  INFO 19652 --- [    Test worker] o.s.t.web.servlet.TestDispatcherServlet  : Initializing Servlet ''
2024-10-19T19:36:06.817+09:00  INFO 19652 --- [    Test worker] o.s.t.web.servlet.TestDispatcherServlet  : Completed initialization in 4 ms
Hibernate: 
    select
        a1_0.id,
        a1_0.author,
        a1_0.content,
        a1_0.created_at,
        a1_0.title,
        a1_0.updated_at 
    from
        article a1_0
Hibernate: 
    delete 
    from
        article 
    where
        id=?
Hibernate: 
    select
        u1_0.id,
        u1_0.email,
        u1_0.nickname,
        u1_0.password 
    from
        users u1_0
Hibernate: 
    delete 
    from
        users 
    where
        id=?
Hibernate: 
    insert 
    into
        users
        (email, nickname, password, id) 
    values
        (?, ?, ?, default)
Hibernate: 
    insert 
    into
        article
        (author, content, created_at, title, updated_at, id) 
    values
        (?, ?, ?, ?, ?, default)
Hibernate: 
    select
        a1_0.id,
        a1_0.author,
        a1_0.content,
        a1_0.created_at,
        a1_0.title,
        a1_0.updated_at 
    from
        article a1_0 
    where
        a1_0.id=?
Hibernate: 
    update
        article 
    set
        author=?,
        content=?,
        created_at=?,
        title=?,
        updated_at=? 
    where
        id=?
Hibernate: 
    select
        a1_0.id,
        a1_0.author,
        a1_0.content,
        a1_0.created_at,
        a1_0.title,
        a1_0.updated_at 
    from
        article a1_0 
    where
        a1_0.id=?
]]></system-out>
  <system-err><![CDATA[]]></system-err>
</testsuite>
