<?xml version="1.0" encoding="UTF-8"?>
<testsuite name="me.liyury.springbootdeveloper.config.jwt.TokenProviderTest" tests="5" skipped="0" failures="0" errors="0" timestamp="2024-10-19T10:36:03" hostname="TSYREN" time="1.033">
  <properties/>
  <testcase name="validToken(): 유효한 토큰인 경우에 유효성 검증에 성공한다." classname="me.liyury.springbootdeveloper.config.jwt.TokenProviderTest" time="0.902"/>
  <testcase name="validToken(): 만료된 토큰인 경우에 유효성 검증에 실패한다." classname="me.liyury.springbootdeveloper.config.jwt.TokenProviderTest" time="0.006"/>
  <testcase name="getAuthentication(): 토큰 기반으로 인증정보를 가져올 수 있다." classname="me.liyury.springbootdeveloper.config.jwt.TokenProviderTest" time="0.013"/>
  <testcase name="getUserId(): 토큰으로 유저 ID를 가져올 수 있다." classname="me.liyury.springbootdeveloper.config.jwt.TokenProviderTest" time="0.008"/>
  <testcase name="generateToken(): 유저 정보와 만료 기간을 전달해 토큰을 만들 수 있다." classname="me.liyury.springbootdeveloper.config.jwt.TokenProviderTest" time="0.099"/>
  <system-out><![CDATA[19:35:54.537 [Test worker] INFO org.springframework.test.context.support.AnnotationConfigContextLoaderUtils -- Could not detect default configuration classes for test class [me.liyury.springbootdeveloper.config.jwt.TokenProviderTest]: TokenProviderTest does not declare any static, non-private, non-final, nested classes annotated with @Configuration.
19:35:54.693 [Test worker] INFO org.springframework.boot.test.context.SpringBootTestContextBootstrapper -- Found @SpringBootConfiguration me.liyury.springbootdeveloper.SpringBootDeveloperApplication for test class me.liyury.springbootdeveloper.config.jwt.TokenProviderTest

  .   ____          _            __ _ _
 /\\ / ___'_ __ _ _(_)_ __  __ _ \ \ \ \
( ( )\___ | '_ | '_| | '_ \/ _` | \ \ \ \
 \\/  ___)| |_)| | | | | || (_| |  ) ) ) )
  '  |____| .__|_| |_|_| |_\__, | / / / /
 =========|_|==============|___/=/_/_/_/
 :: Spring Boot ::                (v3.2.0)

2024-10-19T19:35:55.365+09:00  INFO 19652 --- [    Test worker] m.l.s.config.jwt.TokenProviderTest       : Starting TokenProviderTest using Java 17.0.10 with PID 19652 (started by Xizel in C:\Users\Xizel\OneDrive\Рабочий стол\Projects\Java\springboot-developer)
2024-10-19T19:35:55.369+09:00  INFO 19652 --- [    Test worker] m.l.s.config.jwt.TokenProviderTest       : No active profile set, falling back to 1 default profile: "default"
2024-10-19T19:35:56.896+09:00  INFO 19652 --- [    Test worker] .s.d.r.c.RepositoryConfigurationDelegate : Bootstrapping Spring Data JPA repositories in DEFAULT mode.
2024-10-19T19:35:57.052+09:00  INFO 19652 --- [    Test worker] .s.d.r.c.RepositoryConfigurationDelegate : Finished Spring Data repository scanning in 127 ms. Found 3 JPA repository interfaces.
2024-10-19T19:35:57.793+09:00  INFO 19652 --- [    Test worker] com.zaxxer.hikari.HikariDataSource       : HikariPool-1 - Starting...
2024-10-19T19:35:58.063+09:00  INFO 19652 --- [    Test worker] com.zaxxer.hikari.pool.HikariPool        : HikariPool-1 - Added connection conn0: url=jdbc:h2:mem:ac8dadf2-53c0-4397-ac14-f96e412b8396 user=SA
2024-10-19T19:35:58.066+09:00  INFO 19652 --- [    Test worker] com.zaxxer.hikari.HikariDataSource       : HikariPool-1 - Start completed.
2024-10-19T19:35:58.157+09:00  INFO 19652 --- [    Test worker] o.hibernate.jpa.internal.util.LogHelper  : HHH000204: Processing PersistenceUnitInfo [name: default]
2024-10-19T19:35:58.262+09:00  INFO 19652 --- [    Test worker] org.hibernate.Version                    : HHH000412: Hibernate ORM core version 6.3.1.Final
2024-10-19T19:35:58.366+09:00  INFO 19652 --- [    Test worker] o.h.c.internal.RegionFactoryInitiator    : HHH000026: Second-level cache disabled
2024-10-19T19:35:58.834+09:00  INFO 19652 --- [    Test worker] o.s.o.j.p.SpringPersistenceUnitInfo      : No LoadTimeWeaver setup: ignoring JPA class transformer
2024-10-19T19:36:00.002+09:00  INFO 19652 --- [    Test worker] o.h.e.t.j.p.i.JtaPlatformInitiator       : HHH000489: No JTA platform available (set 'hibernate.transaction.jta.platform' to enable JTA platform integration)
Hibernate: 
    drop table if exists article cascade 
Hibernate: 
    drop table if exists refresh_token cascade 
Hibernate: 
    drop table if exists users cascade 
Hibernate: 
    create table article (
        created_at timestamp(6),
        id bigint generated by default as identity,
        updated_at timestamp(6),
        author varchar(255) not null,
        content varchar(255) not null,
        title varchar(255) not null,
        primary key (id)
    )
Hibernate: 
    create table refresh_token (
        id bigint generated by default as identity,
        user_id bigint not null unique,
        refresh_token varchar(255) not null,
        primary key (id)
    )
Hibernate: 
    create table users (
        id bigint generated by default as identity,
        email varchar(255) not null unique,
        nickname varchar(255) unique,
        password varchar(255),
        primary key (id)
    )
2024-10-19T19:36:00.068+09:00  INFO 19652 --- [    Test worker] j.LocalContainerEntityManagerFactoryBean : Initialized JPA EntityManagerFactory for persistence unit 'default'
2024-10-19T19:36:01.163+09:00  WARN 19652 --- [    Test worker] JpaBaseConfiguration$JpaWebConfiguration : spring.jpa.open-in-view is enabled by default. Therefore, database queries may be performed during view rendering. Explicitly configure spring.jpa.open-in-view to disable this warning
2024-10-19T19:36:02.402+09:00  INFO 19652 --- [    Test worker] o.s.s.web.DefaultSecurityFilterChain     : Will secure any request with [org.springframework.security.web.session.DisableEncodeUrlFilter@60cbba57, org.springframework.security.web.context.request.async.WebAsyncManagerIntegrationFilter@614d01b, org.springframework.security.web.context.SecurityContextHolderFilter@32d3b965, org.springframework.security.web.header.HeaderWriterFilter@3b3dc752, org.springframework.web.filter.CorsFilter@3be2ef56, org.springframework.security.oauth2.client.web.OAuth2AuthorizationRequestRedirectFilter@67e37d25, org.springframework.security.oauth2.client.web.OAuth2LoginAuthenticationFilter@4e451f9a, me.liyury.springbootdeveloper.config.TokenAuthenticationFilter@a4388f1, org.springframework.security.web.savedrequest.RequestCacheAwareFilter@16160a37, org.springframework.security.web.servletapi.SecurityContextHolderAwareRequestFilter@380e470a, org.springframework.security.web.authentication.AnonymousAuthenticationFilter@5a8149f6, org.springframework.security.web.session.SessionManagementFilter@6ad4ef13, org.springframework.security.web.access.ExceptionTranslationFilter@6f09cb98, org.springframework.security.web.access.intercept.FilterSecurityInterceptor@5603632c]
2024-10-19T19:36:02.904+09:00  INFO 19652 --- [    Test worker] o.s.b.a.h2.H2ConsoleAutoConfiguration    : H2 console available at '/h2-console'. Database available at 'jdbc:h2:mem:ac8dadf2-53c0-4397-ac14-f96e412b8396'
2024-10-19T19:36:02.987+09:00  WARN 19652 --- [    Test worker] o.s.s.c.a.web.builders.WebSecurity       : You are asking Spring Security to ignore org.springframework.boot.autoconfigure.security.servlet.PathRequest$H2ConsoleRequestMatcher@73418044. This is not recommended -- please use permitAll via HttpSecurity#authorizeHttpRequests instead.
2024-10-19T19:36:02.988+09:00  INFO 19652 --- [    Test worker] o.s.s.web.DefaultSecurityFilterChain     : Will not secure org.springframework.boot.autoconfigure.security.servlet.PathRequest$H2ConsoleRequestMatcher@73418044
2024-10-19T19:36:02.989+09:00  WARN 19652 --- [    Test worker] o.s.s.c.a.web.builders.WebSecurity       : You are asking Spring Security to ignore Ant [pattern='/img/**']. This is not recommended -- please use permitAll via HttpSecurity#authorizeHttpRequests instead.
2024-10-19T19:36:02.989+09:00  INFO 19652 --- [    Test worker] o.s.s.web.DefaultSecurityFilterChain     : Will not secure Ant [pattern='/img/**']
2024-10-19T19:36:02.989+09:00  WARN 19652 --- [    Test worker] o.s.s.c.a.web.builders.WebSecurity       : You are asking Spring Security to ignore Ant [pattern='/css/**']. This is not recommended -- please use permitAll via HttpSecurity#authorizeHttpRequests instead.
2024-10-19T19:36:02.989+09:00  INFO 19652 --- [    Test worker] o.s.s.web.DefaultSecurityFilterChain     : Will not secure Ant [pattern='/css/**']
2024-10-19T19:36:02.990+09:00  WARN 19652 --- [    Test worker] o.s.s.c.a.web.builders.WebSecurity       : You are asking Spring Security to ignore Ant [pattern='/js/**']. This is not recommended -- please use permitAll via HttpSecurity#authorizeHttpRequests instead.
2024-10-19T19:36:02.990+09:00  INFO 19652 --- [    Test worker] o.s.s.web.DefaultSecurityFilterChain     : Will not secure Ant [pattern='/js/**']
2024-10-19T19:36:03.093+09:00  INFO 19652 --- [    Test worker] m.l.s.config.jwt.TokenProviderTest       : Started TokenProviderTest in 8.148 seconds (process running for 10.067)
Hibernate: 
    insert 
    into
        users
        (email, nickname, password, id) 
    values
        (?, ?, ?, default)
]]></system-out>
  <system-err><![CDATA[]]></system-err>
</testsuite>
